<?xml version="1.0" encoding="UTF-8"?>
<!-- Generated by org.testng.reporters.JUnitXMLReporter -->
<testsuite ignored="0" hostname="vairamanikandan" failures="0" tests="7" name="Default test" time="25.261" errors="0" timestamp="2023-06-11T23:42:07 IST">
  <testcase classname="testNG1.testNG" name="tc6" time="2.914"/>
  <testcase classname="testNG1.testNG" name="tc7" time="5.726"/>
  <testcase classname="testNG1.testNG" name="tc5" time="2.082"/>
  <testcase classname="testNG1.testNG" name="tc1" time="3.505"/>
  <testcase classname="testNG1.testNG" name="tc2" time="1.01"/>
  <testcase classname="testNG1.testNG" name="tc4" time="0.86"/>
  <testcase classname="testNG1.testNG" name="tc3" time="5.104"/>
</testsuite> <!-- Default test -->
