<?xml version="1.0" encoding="UTF-8"?>
<testng-results ignored="0" total="7" passed="7" failed="0" skipped="0">
  <reporter-output>
  </reporter-output>
  <suite started-at="2023-06-11T23:41:42 IST" name="Default suite" finished-at="2023-06-11T23:42:07 IST" duration-ms="25261">
    <groups>
    </groups>
    <test started-at="2023-06-11T23:41:42 IST" name="Default test" finished-at="2023-06-11T23:42:07 IST" duration-ms="25261">
      <class name="testNG1.testNG">
        <test-method is-config="true" signature="launchthebrowser()[pri:0, instance:testNG1.testNG@3646a422]" started-at="2023-06-11T23:41:42 IST" name="launchthebrowser" finished-at="2023-06-11T23:41:46 IST" duration-ms="3985" status="PASS">
          <reporter-output>
          </reporter-output>
        </test-method> <!-- launchthebrowser -->
        <test-method signature="tc6()[pri:-51, instance:testNG1.testNG@3646a422]" started-at="2023-06-11T23:41:46 IST" name="tc6" finished-at="2023-06-11T23:41:49 IST" duration-ms="2914" status="PASS">
          <reporter-output>
          </reporter-output>
        </test-method> <!-- tc6 -->
        <test-method signature="tc7()[pri:-26, instance:testNG1.testNG@3646a422]" started-at="2023-06-11T23:41:49 IST" name="tc7" finished-at="2023-06-11T23:41:54 IST" duration-ms="5726" status="PASS">
          <reporter-output>
          </reporter-output>
        </test-method> <!-- tc7 -->
        <test-method signature="tc5()[pri:-7, instance:testNG1.testNG@3646a422]" started-at="2023-06-11T23:41:54 IST" name="tc5" finished-at="2023-06-11T23:41:56 IST" duration-ms="2082" status="PASS">
          <reporter-output>
          </reporter-output>
        </test-method> <!-- tc5 -->
        <test-method signature="tc1()[pri:-2, instance:testNG1.testNG@3646a422]" started-at="2023-06-11T23:41:56 IST" name="tc1" finished-at="2023-06-11T23:42:00 IST" duration-ms="3505" status="PASS">
          <reporter-output>
          </reporter-output>
        </test-method> <!-- tc1 -->
        <test-method signature="tc2()[pri:5, instance:testNG1.testNG@3646a422]" started-at="2023-06-11T23:42:00 IST" name="tc2" finished-at="2023-06-11T23:42:01 IST" duration-ms="1010" status="PASS">
          <reporter-output>
          </reporter-output>
        </test-method> <!-- tc2 -->
        <test-method signature="tc4()[pri:9, instance:testNG1.testNG@3646a422]" started-at="2023-06-11T23:42:01 IST" name="tc4" finished-at="2023-06-11T23:42:02 IST" duration-ms="860" status="PASS">
          <reporter-output>
          </reporter-output>
        </test-method> <!-- tc4 -->
        <test-method signature="tc3()[pri:56, instance:testNG1.testNG@3646a422]" started-at="2023-06-11T23:42:02 IST" name="tc3" finished-at="2023-06-11T23:42:07 IST" duration-ms="5104" status="PASS">
          <reporter-output>
          </reporter-output>
        </test-method> <!-- tc3 -->
      </class> <!-- testNG1.testNG -->
    </test> <!-- Default test -->
  </suite> <!-- Default suite -->
</testng-results>
